Arguments: 
  /usr/bin/node /usr/share/yarn/bin/yarn.js test

PATH: 
  /home/rphammy/anaconda3/bin:/usr/local/sbin:/usr/local/bin:/usr/sbin:/usr/bin:/sbin:/bin:/usr/games:/usr/local/games:/snap/bin

Yarn version: 
  1.13.0

Node version: 
  11.9.0

Platform: 
  linux x64

Trace: 
  SyntaxError: /home/rphammy/Documents/cs/cs48/4pm-spotify/app/package.json: Unexpected token / in JSON at position 184
      at JSON.parse (<anonymous>)
      at /usr/share/yarn/lib/cli.js:1625:59
      at Generator.next (<anonymous>)
      at step (/usr/share/yarn/lib/cli.js:304:30)
      at /usr/share/yarn/lib/cli.js:315:13

npm manifest: 
  {
    "main": "node_modules/expo/AppEntry.js",
    "scripts": {
      "start": "expo start",
      "android": "expo start --android",
      "ios": "expo start --ios",
      "eject": "expo eject",
  //    "test": "node ./node_modules/jest/bin/jest.js --watchAll"
        "test": "jest"
  
    },
    "jest": {
      // "preset": "jest-expo"
      "preset": "react-native"
    },
    "dependencies": {
      "@expo/samples": "2.1.1",
      "axios": "^0.18.0",
      "expo": "^32.0.0",
      "expo-cli": "^2.11.6",
      "firebase": "^5.8.4",
      "jest-haste-map": "^24.0.0",
      "jest-serializer": "^24.0.0",
      "jest-worker": "^24.0.0",
      "react": "16.5.0",
      "react-native": "https://github.com/expo/react-native/archive/sdk-32.0.0.tar.gz",
      "react-native-firebase": "^5.2.2",
      "react-native-pull-to-refresh": "^2.1.3",
      "react-navigation": "^3.0.9"
    },
    "devDependencies": {
      "babel-preset-expo": "^5.0.0",
      "jest-expo": "^32.0.0"
    },
    "private": true
  }

yarn manifest: 
  No manifest

Lockfile: 
  No lockfile
